[2021-08-06 16:05:29] console.ERROR: Error thrown while running command "prestashop:schema:update-without-foreign --env=prod". Message: "An exception occurred while executing 'SELECT COLUMN_NAME AS Field, COLUMN_TYPE AS Type, IS_NULLABLE AS `Null`, COLUMN_KEY AS `Key`, COLUMN_DEFAULT AS `Default`, EXTRA AS Extra, COLUMN_COMMENT AS Comment, CHARACTER_SET_NAME AS CharacterSet, COLLATION_NAME AS Collation FROM information_schema.COLUMNS WHERE TABLE_SCHEMA = 'prestashop' AND TABLE_NAME = 'ps_access' ORDER BY ORDINAL_POSITION ASC':  SQLSTATE[HY000]: General error: 1 Can't create/write to file '/tmp/#sql_3ce_0.MAI' (Errcode: 13 "Permission denied")" {"exception":"[object] (Doctrine\\DBAL\\Exception\\DriverException(code: 0): An exception occurred while executing 'SELECT COLUMN_NAME AS Field, COLUMN_TYPE AS Type, IS_NULLABLE AS `Null`, COLUMN_KEY AS `Key`, COLUMN_DEFAULT AS `Default`, EXTRA AS Extra, COLUMN_COMMENT AS Comment, CHARACTER_SET_NAME AS CharacterSet, COLLATION_NAME AS Collation FROM information_schema.COLUMNS WHERE TABLE_SCHEMA = 'prestashop' AND TABLE_NAME = 'ps_access' ORDER BY ORDINAL_POSITION ASC':\n\nSQLSTATE[HY000]: General error: 1 Can't create/write to file '/tmp/#sql_3ce_0.MAI' (Errcode: 13 \"Permission denied\") at /var/www/teststore.local/vendor/doctrine/dbal/lib/Doctrine/DBAL/Driver/AbstractMySQLDriver.php:106, Doctrine\\DBAL\\Driver\\PDOException(code: HY000): SQLSTATE[HY000]: General error: 1 Can't create/write to file '/tmp/#sql_3ce_0.MAI' (Errcode: 13 \"Permission denied\") at /var/www/teststore.local/vendor/doctrine/dbal/lib/Doctrine/DBAL/Driver/PDOConnection.php:90, PDOException(code: HY000): SQLSTATE[HY000]: General error: 1 Can't create/write to file '/tmp/#sql_3ce_0.MAI' (Errcode: 13 \"Permission denied\") at /var/www/teststore.local/vendor/doctrine/dbal/lib/Doctrine/DBAL/Driver/PDOConnection.php:88)","command":"prestashop:schema:update-without-foreign --env=prod","message":"An exception occurred while executing 'SELECT COLUMN_NAME AS Field, COLUMN_TYPE AS Type, IS_NULLABLE AS `Null`, COLUMN_KEY AS `Key`, COLUMN_DEFAULT AS `Default`, EXTRA AS Extra, COLUMN_COMMENT AS Comment, CHARACTER_SET_NAME AS CharacterSet, COLLATION_NAME AS Collation FROM information_schema.COLUMNS WHERE TABLE_SCHEMA = 'prestashop' AND TABLE_NAME = 'ps_access' ORDER BY ORDINAL_POSITION ASC':\n\nSQLSTATE[HY000]: General error: 1 Can't create/write to file '/tmp/#sql_3ce_0.MAI' (Errcode: 13 \"Permission denied\")"} []
[2021-08-06 16:05:29] console.DEBUG: Command "prestashop:schema:update-without-foreign --env=prod" exited with code "1" {"command":"prestashop:schema:update-without-foreign --env=prod","code":1} []
[2021-08-06 16:09:32] app.INFO: Protect vendor folder in module contactform [] []
[2021-08-06 16:09:32] app.INFO: Module contactform has no vendor folder [] []
[2021-08-06 16:09:32] app.INFO: Protect vendor folder in module dashactivity [] []
[2021-08-06 16:09:32] app.INFO: Module dashactivity has no vendor folder [] []
[2021-08-06 16:09:33] app.INFO: Protect vendor folder in module dashgoals [] []
[2021-08-06 16:09:33] app.INFO: Module dashgoals has no vendor folder [] []
[2021-08-06 16:09:33] app.INFO: Protect vendor folder in module dashproducts [] []
[2021-08-06 16:09:33] app.INFO: Module dashproducts has no vendor folder [] []
[2021-08-06 16:09:33] app.INFO: Protect vendor folder in module dashtrends [] []
[2021-08-06 16:09:33] app.INFO: Module dashtrends has no vendor folder [] []
[2021-08-06 16:09:33] app.INFO: Protect vendor folder in module graphnvd3 [] []
[2021-08-06 16:09:33] app.INFO: Module graphnvd3 has no vendor folder [] []
[2021-08-06 16:09:33] app.INFO: Protect vendor folder in module gridhtml [] []
[2021-08-06 16:09:33] app.INFO: Module gridhtml has no vendor folder [] []
[2021-08-06 16:09:33] app.INFO: Protect vendor folder in module gsitemap [] []
[2021-08-06 16:09:33] app.INFO: Module gsitemap has no vendor folder [] []
[2021-08-06 16:09:33] app.INFO: Protect vendor folder in module pagesnotfound [] []
[2021-08-06 16:09:33] app.INFO: Module pagesnotfound has no vendor folder [] []
[2021-08-06 16:09:33] app.INFO: Protect vendor folder in module productcomments [] []
[2021-08-06 16:09:33] app.INFO: Module productcomments has no vendor folder [] []
[2021-08-06 16:09:34] app.INFO: Protect vendor folder in module ps_banner [] []
[2021-08-06 16:09:34] app.INFO: Module ps_banner has no vendor folder [] []
[2021-08-06 16:09:34] app.INFO: Protect vendor folder in module ps_categorytree [] []
[2021-08-06 16:09:34] app.INFO: Module ps_categorytree has no vendor folder [] []
[2021-08-06 16:09:34] app.INFO: Protect vendor folder in module ps_checkpayment [] []
[2021-08-06 16:09:34] app.INFO: Module ps_checkpayment has no vendor folder [] []
[2021-08-06 16:09:34] app.INFO: Protect vendor folder in module ps_contactinfo [] []
[2021-08-06 16:09:34] app.INFO: Module ps_contactinfo has no vendor folder [] []
[2021-08-06 16:09:34] app.INFO: Protect vendor folder in module ps_crossselling [] []
[2021-08-06 16:09:34] app.INFO: Module ps_crossselling has no vendor folder [] []
[2021-08-06 16:09:34] app.INFO: Protect vendor folder in module ps_currencyselector [] []
[2021-08-06 16:09:34] app.INFO: Module ps_currencyselector has no vendor folder [] []
[2021-08-06 16:09:34] app.INFO: Protect vendor folder in module ps_customeraccountlinks [] []
[2021-08-06 16:09:34] app.INFO: Module ps_customeraccountlinks has no vendor folder [] []
[2021-08-06 16:09:34] app.INFO: Protect vendor folder in module ps_customersignin [] []
[2021-08-06 16:09:34] app.INFO: Module ps_customersignin has no vendor folder [] []
[2021-08-06 16:09:34] app.INFO: Protect vendor folder in module ps_customtext [] []
[2021-08-06 16:09:34] app.INFO: Module ps_customtext has no vendor folder [] []
[2021-08-06 16:09:34] app.INFO: Protect vendor folder in module ps_dataprivacy [] []
[2021-08-06 16:09:34] app.INFO: Module ps_dataprivacy has no vendor folder [] []
[2021-08-06 16:09:34] app.INFO: Protect vendor folder in module ps_emailsubscription [] []
[2021-08-06 16:09:34] app.INFO: Module ps_emailsubscription has no vendor folder [] []
[2021-08-06 16:09:35] app.INFO: Protect vendor folder in module ps_facetedsearch [] []
[2021-08-06 16:09:35] app.INFO: Module ps_facetedsearch has no vendor folder [] []
[2021-08-06 16:09:35] app.INFO: Protect vendor folder in module ps_faviconnotificationbo [] []
[2021-08-06 16:09:35] app.INFO: Module ps_faviconnotificationbo has no vendor folder [] []
[2021-08-06 16:09:35] app.INFO: Protect vendor folder in module ps_featuredproducts [] []
[2021-08-06 16:09:35] app.INFO: Module ps_featuredproducts has no vendor folder [] []
[2021-08-06 16:09:35] app.INFO: Protect vendor folder in module ps_imageslider [] []
[2021-08-06 16:09:35] app.INFO: Module ps_imageslider has no vendor folder [] []
[2021-08-06 16:09:36] app.INFO: Protect vendor folder in module ps_languageselector [] []
[2021-08-06 16:09:36] app.INFO: Module ps_languageselector has no vendor folder [] []
[2021-08-06 16:09:36] app.INFO: Protect vendor folder in module ps_linklist [] []
[2021-08-06 16:09:36] app.INFO: Module ps_linklist has no vendor folder [] []
[2021-08-06 16:09:36] app.ERROR: Cannot register tab "AdminLinkWidget" because it already exists [] []
[2021-08-06 16:09:36] app.INFO: Protect vendor folder in module ps_mainmenu [] []
[2021-08-06 16:09:36] app.INFO: Module ps_mainmenu has no vendor folder [] []
[2021-08-06 16:09:36] app.INFO: Protect vendor folder in module ps_searchbar [] []
[2021-08-06 16:09:36] app.INFO: Module ps_searchbar has no vendor folder [] []
[2021-08-06 16:09:36] app.INFO: Protect vendor folder in module ps_sharebuttons [] []
[2021-08-06 16:09:36] app.INFO: Module ps_sharebuttons has no vendor folder [] []
[2021-08-06 16:09:36] app.INFO: Protect vendor folder in module ps_shoppingcart [] []
[2021-08-06 16:09:36] app.INFO: Module ps_shoppingcart has no vendor folder [] []
[2021-08-06 16:09:36] app.INFO: Protect vendor folder in module ps_socialfollow [] []
[2021-08-06 16:09:36] app.INFO: Module ps_socialfollow has no vendor folder [] []
[2021-08-06 16:09:36] app.INFO: Protect vendor folder in module ps_themecusto [] []
[2021-08-06 16:09:36] app.INFO: Module ps_themecusto has no vendor folder [] []
[2021-08-06 16:09:37] app.INFO: Protect vendor folder in module ps_wirepayment [] []
[2021-08-06 16:09:37] app.INFO: Module ps_wirepayment has no vendor folder [] []
[2021-08-06 16:09:37] app.INFO: Protect vendor folder in module sekeywords [] []
[2021-08-06 16:09:37] app.INFO: Module sekeywords has no vendor folder [] []
[2021-08-06 16:09:37] app.INFO: Protect vendor folder in module statsbestcategories [] []
[2021-08-06 16:09:37] app.INFO: Module statsbestcategories has no vendor folder [] []
[2021-08-06 16:09:37] app.INFO: Protect vendor folder in module statsbestcustomers [] []
[2021-08-06 16:09:37] app.INFO: Module statsbestcustomers has no vendor folder [] []
[2021-08-06 16:09:37] app.INFO: Protect vendor folder in module statsbestproducts [] []
[2021-08-06 16:09:37] app.INFO: Module statsbestproducts has no vendor folder [] []
[2021-08-06 16:09:37] app.INFO: Protect vendor folder in module statsbestsuppliers [] []
[2021-08-06 16:09:37] app.INFO: Module statsbestsuppliers has no vendor folder [] []
[2021-08-06 16:09:37] app.INFO: Protect vendor folder in module statsbestvouchers [] []
[2021-08-06 16:09:37] app.INFO: Module statsbestvouchers has no vendor folder [] []
[2021-08-06 16:09:37] app.INFO: Protect vendor folder in module statscarrier [] []
[2021-08-06 16:09:37] app.INFO: Module statscarrier has no vendor folder [] []
[2021-08-06 16:09:37] app.INFO: Protect vendor folder in module statscatalog [] []
[2021-08-06 16:09:37] app.INFO: Module statscatalog has no vendor folder [] []
[2021-08-06 16:09:37] app.INFO: Protect vendor folder in module statscheckup [] []
[2021-08-06 16:09:37] app.INFO: Module statscheckup has no vendor folder [] []
[2021-08-06 16:09:37] app.INFO: Protect vendor folder in module statsdata [] []
[2021-08-06 16:09:37] app.INFO: Module statsdata has no vendor folder [] []
[2021-08-06 16:09:37] app.INFO: Protect vendor folder in module statsequipment [] []
[2021-08-06 16:09:37] app.INFO: Module statsequipment has no vendor folder [] []
[2021-08-06 16:09:37] app.INFO: Protect vendor folder in module statsforecast [] []
[2021-08-06 16:09:37] app.INFO: Module statsforecast has no vendor folder [] []
[2021-08-06 16:09:37] app.INFO: Protect vendor folder in module statslive [] []
[2021-08-06 16:09:37] app.INFO: Module statslive has no vendor folder [] []
[2021-08-06 16:09:37] app.INFO: Protect vendor folder in module statsnewsletter [] []
[2021-08-06 16:09:37] app.INFO: Module statsnewsletter has no vendor folder [] []
[2021-08-06 16:09:37] app.INFO: Protect vendor folder in module statsorigin [] []
[2021-08-06 16:09:37] app.INFO: Module statsorigin has no vendor folder [] []
[2021-08-06 16:09:37] app.INFO: Protect vendor folder in module statspersonalinfos [] []
[2021-08-06 16:09:38] app.INFO: Module statspersonalinfos has no vendor folder [] []
[2021-08-06 16:09:38] app.INFO: Protect vendor folder in module statsproduct [] []
[2021-08-06 16:09:38] app.INFO: Module statsproduct has no vendor folder [] []
[2021-08-06 16:09:38] app.INFO: Protect vendor folder in module statsregistrations [] []
[2021-08-06 16:09:38] app.INFO: Module statsregistrations has no vendor folder [] []
[2021-08-06 16:09:38] app.INFO: Protect vendor folder in module statssales [] []
[2021-08-06 16:09:38] app.INFO: Module statssales has no vendor folder [] []
[2021-08-06 16:09:38] app.INFO: Protect vendor folder in module statssearch [] []
[2021-08-06 16:09:38] app.INFO: Module statssearch has no vendor folder [] []
[2021-08-06 16:09:38] app.INFO: Protect vendor folder in module statsstock [] []
[2021-08-06 16:09:38] app.INFO: Module statsstock has no vendor folder [] []
[2021-08-06 16:09:38] app.INFO: Protect vendor folder in module statsvisits [] []
[2021-08-06 16:09:38] app.INFO: Module statsvisits has no vendor folder [] []
[2021-08-06 16:09:38] app.INFO: Protect vendor folder in module welcome [] []
[2021-08-06 16:09:38] app.INFO: Module welcome has no vendor folder [] []
[2021-08-06 16:09:39] app.INFO: Exporting mail with theme modern for language Русский (Russian) [] []
[2021-08-06 16:09:39] app.INFO: Core output folder: /var/www/teststore.local/mails [] []
[2021-08-06 16:09:39] app.INFO: Modules output folder: /var/www/teststore.local/modules/ [] []
[2021-08-06 16:12:11] app.INFO: Protect vendor folder in module contactform [] []
[2021-08-06 16:12:11] app.INFO: Module contactform has no vendor folder [] []
[2021-08-06 16:12:12] app.INFO: Protect vendor folder in module dashactivity [] []
[2021-08-06 16:12:12] app.INFO: Module dashactivity has no vendor folder [] []
[2021-08-06 16:12:12] app.INFO: Protect vendor folder in module dashgoals [] []
[2021-08-06 16:12:12] app.INFO: Module dashgoals has no vendor folder [] []
[2021-08-06 16:12:12] app.INFO: Protect vendor folder in module dashproducts [] []
[2021-08-06 16:12:12] app.INFO: Module dashproducts has no vendor folder [] []
[2021-08-06 16:12:12] app.INFO: Protect vendor folder in module dashtrends [] []
[2021-08-06 16:12:12] app.INFO: Module dashtrends has no vendor folder [] []
[2021-08-06 16:12:12] app.INFO: Protect vendor folder in module graphnvd3 [] []
[2021-08-06 16:12:12] app.INFO: Module graphnvd3 has no vendor folder [] []
[2021-08-06 16:12:12] app.INFO: Protect vendor folder in module gridhtml [] []
[2021-08-06 16:12:12] app.INFO: Module gridhtml has no vendor folder [] []
[2021-08-06 16:12:12] app.INFO: Protect vendor folder in module gsitemap [] []
[2021-08-06 16:12:12] app.INFO: Module gsitemap has no vendor folder [] []
[2021-08-06 16:12:12] app.INFO: Protect vendor folder in module pagesnotfound [] []
[2021-08-06 16:12:12] app.INFO: Module pagesnotfound has no vendor folder [] []
[2021-08-06 16:12:12] app.INFO: Protect vendor folder in module productcomments [] []
[2021-08-06 16:12:12] app.INFO: Module productcomments has no vendor folder [] []
[2021-08-06 16:12:13] app.INFO: Protect vendor folder in module ps_banner [] []
[2021-08-06 16:12:13] app.INFO: Module ps_banner has no vendor folder [] []
[2021-08-06 16:12:13] app.INFO: Protect vendor folder in module ps_categorytree [] []
[2021-08-06 16:12:13] app.INFO: Module ps_categorytree has no vendor folder [] []
[2021-08-06 16:12:13] app.INFO: Protect vendor folder in module ps_checkpayment [] []
[2021-08-06 16:12:13] app.INFO: Module ps_checkpayment has no vendor folder [] []
[2021-08-06 16:12:13] app.INFO: Protect vendor folder in module ps_contactinfo [] []
[2021-08-06 16:12:13] app.INFO: Module ps_contactinfo has no vendor folder [] []
[2021-08-06 16:12:13] app.INFO: Protect vendor folder in module ps_crossselling [] []
[2021-08-06 16:12:13] app.INFO: Module ps_crossselling has no vendor folder [] []
[2021-08-06 16:12:13] app.INFO: Protect vendor folder in module ps_currencyselector [] []
[2021-08-06 16:12:13] app.INFO: Module ps_currencyselector has no vendor folder [] []
[2021-08-06 16:12:13] app.INFO: Protect vendor folder in module ps_customeraccountlinks [] []
[2021-08-06 16:12:13] app.INFO: Module ps_customeraccountlinks has no vendor folder [] []
[2021-08-06 16:12:13] app.INFO: Protect vendor folder in module ps_customersignin [] []
[2021-08-06 16:12:13] app.INFO: Module ps_customersignin has no vendor folder [] []
[2021-08-06 16:12:13] app.INFO: Protect vendor folder in module ps_customtext [] []
[2021-08-06 16:12:13] app.INFO: Module ps_customtext has no vendor folder [] []
[2021-08-06 16:12:13] app.INFO: Protect vendor folder in module ps_dataprivacy [] []
[2021-08-06 16:12:13] app.INFO: Module ps_dataprivacy has no vendor folder [] []
[2021-08-06 16:12:13] app.INFO: Protect vendor folder in module ps_emailsubscription [] []
[2021-08-06 16:12:13] app.INFO: Module ps_emailsubscription has no vendor folder [] []
[2021-08-06 16:12:14] app.INFO: Protect vendor folder in module ps_facetedsearch [] []
[2021-08-06 16:12:14] app.INFO: Module ps_facetedsearch has no vendor folder [] []
[2021-08-06 16:12:14] app.INFO: Protect vendor folder in module ps_faviconnotificationbo [] []
[2021-08-06 16:12:14] app.INFO: Module ps_faviconnotificationbo has no vendor folder [] []
[2021-08-06 16:12:14] app.INFO: Protect vendor folder in module ps_featuredproducts [] []
[2021-08-06 16:12:14] app.INFO: Module ps_featuredproducts has no vendor folder [] []
[2021-08-06 16:12:14] app.INFO: Protect vendor folder in module ps_imageslider [] []
[2021-08-06 16:12:14] app.INFO: Module ps_imageslider has no vendor folder [] []
[2021-08-06 16:12:14] app.INFO: Protect vendor folder in module ps_languageselector [] []
[2021-08-06 16:12:14] app.INFO: Module ps_languageselector has no vendor folder [] []
[2021-08-06 16:12:15] app.INFO: Protect vendor folder in module ps_linklist [] []
[2021-08-06 16:12:15] app.INFO: Module ps_linklist has no vendor folder [] []
[2021-08-06 16:12:15] app.ERROR: Cannot register tab "AdminLinkWidget" because it already exists [] []
[2021-08-06 16:12:15] app.INFO: Protect vendor folder in module ps_mainmenu [] []
[2021-08-06 16:12:15] app.INFO: Module ps_mainmenu has no vendor folder [] []
[2021-08-06 16:12:15] app.INFO: Protect vendor folder in module ps_searchbar [] []
[2021-08-06 16:12:15] app.INFO: Module ps_searchbar has no vendor folder [] []
[2021-08-06 16:12:15] app.INFO: Protect vendor folder in module ps_sharebuttons [] []
[2021-08-06 16:12:15] app.INFO: Module ps_sharebuttons has no vendor folder [] []
[2021-08-06 16:12:15] app.INFO: Protect vendor folder in module ps_shoppingcart [] []
[2021-08-06 16:12:15] app.INFO: Module ps_shoppingcart has no vendor folder [] []
[2021-08-06 16:12:15] app.INFO: Protect vendor folder in module ps_socialfollow [] []
[2021-08-06 16:12:15] app.INFO: Module ps_socialfollow has no vendor folder [] []
[2021-08-06 16:12:15] app.INFO: Protect vendor folder in module ps_themecusto [] []
[2021-08-06 16:12:15] app.INFO: Module ps_themecusto has no vendor folder [] []
[2021-08-06 16:12:15] app.INFO: Protect vendor folder in module ps_wirepayment [] []
[2021-08-06 16:12:15] app.INFO: Module ps_wirepayment has no vendor folder [] []
[2021-08-06 16:12:16] app.INFO: Protect vendor folder in module sekeywords [] []
[2021-08-06 16:12:16] app.INFO: Module sekeywords has no vendor folder [] []
[2021-08-06 16:12:16] app.INFO: Protect vendor folder in module statsbestcategories [] []
[2021-08-06 16:12:16] app.INFO: Module statsbestcategories has no vendor folder [] []
[2021-08-06 16:12:16] app.INFO: Protect vendor folder in module statsbestcustomers [] []
[2021-08-06 16:12:16] app.INFO: Module statsbestcustomers has no vendor folder [] []
[2021-08-06 16:12:16] app.INFO: Protect vendor folder in module statsbestproducts [] []
[2021-08-06 16:12:16] app.INFO: Module statsbestproducts has no vendor folder [] []
[2021-08-06 16:12:16] app.INFO: Protect vendor folder in module statsbestsuppliers [] []
[2021-08-06 16:12:16] app.INFO: Module statsbestsuppliers has no vendor folder [] []
[2021-08-06 16:12:16] app.INFO: Protect vendor folder in module statsbestvouchers [] []
[2021-08-06 16:12:16] app.INFO: Module statsbestvouchers has no vendor folder [] []
[2021-08-06 16:12:16] app.INFO: Protect vendor folder in module statscarrier [] []
[2021-08-06 16:12:16] app.INFO: Module statscarrier has no vendor folder [] []
[2021-08-06 16:12:16] app.INFO: Protect vendor folder in module statscatalog [] []
[2021-08-06 16:12:16] app.INFO: Module statscatalog has no vendor folder [] []
[2021-08-06 16:12:16] app.INFO: Protect vendor folder in module statscheckup [] []
[2021-08-06 16:12:16] app.INFO: Module statscheckup has no vendor folder [] []
[2021-08-06 16:12:16] app.INFO: Protect vendor folder in module statsdata [] []
[2021-08-06 16:12:16] app.INFO: Module statsdata has no vendor folder [] []
[2021-08-06 16:12:16] app.INFO: Protect vendor folder in module statsequipment [] []
[2021-08-06 16:12:16] app.INFO: Module statsequipment has no vendor folder [] []
[2021-08-06 16:12:16] app.INFO: Protect vendor folder in module statsforecast [] []
[2021-08-06 16:12:16] app.INFO: Module statsforecast has no vendor folder [] []
[2021-08-06 16:12:16] app.INFO: Protect vendor folder in module statslive [] []
[2021-08-06 16:12:16] app.INFO: Module statslive has no vendor folder [] []
[2021-08-06 16:12:16] app.INFO: Protect vendor folder in module statsnewsletter [] []
[2021-08-06 16:12:16] app.INFO: Module statsnewsletter has no vendor folder [] []
[2021-08-06 16:12:16] app.INFO: Protect vendor folder in module statsorigin [] []
[2021-08-06 16:12:16] app.INFO: Module statsorigin has no vendor folder [] []
[2021-08-06 16:12:16] app.INFO: Protect vendor folder in module statspersonalinfos [] []
[2021-08-06 16:12:16] app.INFO: Module statspersonalinfos has no vendor folder [] []
[2021-08-06 16:12:16] app.INFO: Protect vendor folder in module statsproduct [] []
[2021-08-06 16:12:16] app.INFO: Module statsproduct has no vendor folder [] []
[2021-08-06 16:12:17] app.INFO: Protect vendor folder in module statsregistrations [] []
[2021-08-06 16:12:17] app.INFO: Module statsregistrations has no vendor folder [] []
[2021-08-06 16:12:17] app.INFO: Protect vendor folder in module statssales [] []
[2021-08-06 16:12:17] app.INFO: Module statssales has no vendor folder [] []
[2021-08-06 16:12:17] app.INFO: Protect vendor folder in module statssearch [] []
[2021-08-06 16:12:17] app.INFO: Module statssearch has no vendor folder [] []
[2021-08-06 16:12:17] app.INFO: Protect vendor folder in module statsstock [] []
[2021-08-06 16:12:17] app.INFO: Module statsstock has no vendor folder [] []
[2021-08-06 16:12:17] app.INFO: Protect vendor folder in module statsvisits [] []
[2021-08-06 16:12:17] app.INFO: Module statsvisits has no vendor folder [] []
[2021-08-06 16:12:17] app.INFO: Protect vendor folder in module welcome [] []
[2021-08-06 16:12:17] app.INFO: Module welcome has no vendor folder [] []
[2021-08-06 16:12:17] app.INFO: Exporting mail with theme modern for language English (English) [] []
[2021-08-06 16:12:17] app.INFO: Core output folder: /var/www/teststore.local/mails [] []
[2021-08-06 16:12:17] app.INFO: Modules output folder: /var/www/teststore.local/modules/ [] []
[2021-08-06 16:12:19] app.INFO: Exporting mail with theme modern for language Русский (Russian) [] []
[2021-08-06 16:12:19] app.INFO: Core output folder: /var/www/teststore.local/mails [] []
[2021-08-06 16:12:19] app.INFO: Modules output folder: /var/www/teststore.local/modules/ [] []
[2021-08-06 16:13:48] app.INFO: Protect vendor folder in module contactform [] []
[2021-08-06 16:13:48] app.INFO: Module contactform has no vendor folder [] []
[2021-08-06 16:13:48] app.INFO: Protect vendor folder in module dashactivity [] []
[2021-08-06 16:13:48] app.INFO: Module dashactivity has no vendor folder [] []
[2021-08-06 16:13:48] app.INFO: Protect vendor folder in module dashgoals [] []
[2021-08-06 16:13:48] app.INFO: Module dashgoals has no vendor folder [] []
[2021-08-06 16:13:48] app.INFO: Protect vendor folder in module dashproducts [] []
[2021-08-06 16:13:48] app.INFO: Module dashproducts has no vendor folder [] []
[2021-08-06 16:13:48] app.INFO: Protect vendor folder in module dashtrends [] []
[2021-08-06 16:13:48] app.INFO: Module dashtrends has no vendor folder [] []
[2021-08-06 16:13:48] app.INFO: Protect vendor folder in module graphnvd3 [] []
[2021-08-06 16:13:48] app.INFO: Module graphnvd3 has no vendor folder [] []
[2021-08-06 16:13:48] app.INFO: Protect vendor folder in module gridhtml [] []
[2021-08-06 16:13:48] app.INFO: Module gridhtml has no vendor folder [] []
[2021-08-06 16:13:48] app.INFO: Protect vendor folder in module gsitemap [] []
[2021-08-06 16:13:48] app.INFO: Module gsitemap has no vendor folder [] []
[2021-08-06 16:13:48] app.INFO: Protect vendor folder in module pagesnotfound [] []
[2021-08-06 16:13:48] app.INFO: Module pagesnotfound has no vendor folder [] []
[2021-08-06 16:13:49] app.INFO: Protect vendor folder in module productcomments [] []
[2021-08-06 16:13:49] app.INFO: Module productcomments has no vendor folder [] []
[2021-08-06 16:13:49] app.INFO: Protect vendor folder in module ps_banner [] []
[2021-08-06 16:13:49] app.INFO: Module ps_banner has no vendor folder [] []
[2021-08-06 16:13:49] app.INFO: Protect vendor folder in module ps_categorytree [] []
[2021-08-06 16:13:49] app.INFO: Module ps_categorytree has no vendor folder [] []
[2021-08-06 16:13:49] app.INFO: Protect vendor folder in module ps_checkpayment [] []
[2021-08-06 16:13:49] app.INFO: Module ps_checkpayment has no vendor folder [] []
[2021-08-06 16:13:49] app.INFO: Protect vendor folder in module ps_contactinfo [] []
[2021-08-06 16:13:49] app.INFO: Module ps_contactinfo has no vendor folder [] []
[2021-08-06 16:13:49] app.INFO: Protect vendor folder in module ps_crossselling [] []
[2021-08-06 16:13:49] app.INFO: Module ps_crossselling has no vendor folder [] []
[2021-08-06 16:13:49] app.INFO: Protect vendor folder in module ps_currencyselector [] []
[2021-08-06 16:13:49] app.INFO: Module ps_currencyselector has no vendor folder [] []
[2021-08-06 16:13:49] app.INFO: Protect vendor folder in module ps_customeraccountlinks [] []
[2021-08-06 16:13:49] app.INFO: Module ps_customeraccountlinks has no vendor folder [] []
[2021-08-06 16:13:49] app.INFO: Protect vendor folder in module ps_customersignin [] []
[2021-08-06 16:13:49] app.INFO: Module ps_customersignin has no vendor folder [] []
[2021-08-06 16:13:49] app.INFO: Protect vendor folder in module ps_customtext [] []
[2021-08-06 16:13:49] app.INFO: Module ps_customtext has no vendor folder [] []
[2021-08-06 16:13:49] app.INFO: Protect vendor folder in module ps_dataprivacy [] []
[2021-08-06 16:13:49] app.INFO: Module ps_dataprivacy has no vendor folder [] []
[2021-08-06 16:13:50] app.INFO: Protect vendor folder in module ps_emailsubscription [] []
[2021-08-06 16:13:50] app.INFO: Module ps_emailsubscription has no vendor folder [] []
[2021-08-06 16:13:50] app.INFO: Protect vendor folder in module ps_facetedsearch [] []
[2021-08-06 16:13:50] app.INFO: Module ps_facetedsearch has no vendor folder [] []
[2021-08-06 16:13:50] app.INFO: Protect vendor folder in module ps_faviconnotificationbo [] []
[2021-08-06 16:13:50] app.INFO: Module ps_faviconnotificationbo has no vendor folder [] []
[2021-08-06 16:13:50] app.INFO: Protect vendor folder in module ps_featuredproducts [] []
[2021-08-06 16:13:50] app.INFO: Module ps_featuredproducts has no vendor folder [] []
[2021-08-06 16:13:51] app.INFO: Protect vendor folder in module ps_imageslider [] []
[2021-08-06 16:13:51] app.INFO: Module ps_imageslider has no vendor folder [] []
[2021-08-06 16:13:51] app.INFO: Protect vendor folder in module ps_languageselector [] []
[2021-08-06 16:13:51] app.INFO: Module ps_languageselector has no vendor folder [] []
[2021-08-06 16:13:51] app.INFO: Protect vendor folder in module ps_linklist [] []
[2021-08-06 16:13:51] app.INFO: Module ps_linklist has no vendor folder [] []
[2021-08-06 16:13:51] app.ERROR: Cannot register tab "AdminLinkWidget" because it already exists [] []
[2021-08-06 16:13:51] app.INFO: Protect vendor folder in module ps_mainmenu [] []
[2021-08-06 16:13:51] app.INFO: Module ps_mainmenu has no vendor folder [] []
[2021-08-06 16:13:51] app.INFO: Protect vendor folder in module ps_searchbar [] []
[2021-08-06 16:13:51] app.INFO: Module ps_searchbar has no vendor folder [] []
[2021-08-06 16:13:51] app.INFO: Protect vendor folder in module ps_sharebuttons [] []
[2021-08-06 16:13:51] app.INFO: Module ps_sharebuttons has no vendor folder [] []
[2021-08-06 16:13:51] app.INFO: Protect vendor folder in module ps_shoppingcart [] []
[2021-08-06 16:13:51] app.INFO: Module ps_shoppingcart has no vendor folder [] []
[2021-08-06 16:13:51] app.INFO: Protect vendor folder in module ps_socialfollow [] []
[2021-08-06 16:13:51] app.INFO: Module ps_socialfollow has no vendor folder [] []
[2021-08-06 16:13:51] app.INFO: Protect vendor folder in module ps_themecusto [] []
[2021-08-06 16:13:51] app.INFO: Module ps_themecusto has no vendor folder [] []
[2021-08-06 16:13:52] app.INFO: Protect vendor folder in module ps_wirepayment [] []
[2021-08-06 16:13:52] app.INFO: Module ps_wirepayment has no vendor folder [] []
[2021-08-06 16:13:52] app.INFO: Protect vendor folder in module sekeywords [] []
[2021-08-06 16:13:52] app.INFO: Module sekeywords has no vendor folder [] []
[2021-08-06 16:13:52] app.INFO: Protect vendor folder in module statsbestcategories [] []
[2021-08-06 16:13:52] app.INFO: Module statsbestcategories has no vendor folder [] []
[2021-08-06 16:13:52] app.INFO: Protect vendor folder in module statsbestcustomers [] []
[2021-08-06 16:13:52] app.INFO: Module statsbestcustomers has no vendor folder [] []
[2021-08-06 16:13:52] app.INFO: Protect vendor folder in module statsbestproducts [] []
[2021-08-06 16:13:52] app.INFO: Module statsbestproducts has no vendor folder [] []
[2021-08-06 16:13:52] app.INFO: Protect vendor folder in module statsbestsuppliers [] []
[2021-08-06 16:13:52] app.INFO: Module statsbestsuppliers has no vendor folder [] []
[2021-08-06 16:13:52] app.INFO: Protect vendor folder in module statsbestvouchers [] []
[2021-08-06 16:13:52] app.INFO: Module statsbestvouchers has no vendor folder [] []
[2021-08-06 16:13:52] app.INFO: Protect vendor folder in module statscarrier [] []
[2021-08-06 16:13:52] app.INFO: Module statscarrier has no vendor folder [] []
[2021-08-06 16:13:52] app.INFO: Protect vendor folder in module statscatalog [] []
[2021-08-06 16:13:52] app.INFO: Module statscatalog has no vendor folder [] []
[2021-08-06 16:13:52] app.INFO: Protect vendor folder in module statscheckup [] []
[2021-08-06 16:13:52] app.INFO: Module statscheckup has no vendor folder [] []
[2021-08-06 16:13:52] app.INFO: Protect vendor folder in module statsdata [] []
[2021-08-06 16:13:52] app.INFO: Module statsdata has no vendor folder [] []
[2021-08-06 16:13:52] app.INFO: Protect vendor folder in module statsequipment [] []
[2021-08-06 16:13:52] app.INFO: Module statsequipment has no vendor folder [] []
[2021-08-06 16:13:52] app.INFO: Protect vendor folder in module statsforecast [] []
[2021-08-06 16:13:52] app.INFO: Module statsforecast has no vendor folder [] []
[2021-08-06 16:13:52] app.INFO: Protect vendor folder in module statslive [] []
[2021-08-06 16:13:52] app.INFO: Module statslive has no vendor folder [] []
[2021-08-06 16:13:52] app.INFO: Protect vendor folder in module statsnewsletter [] []
[2021-08-06 16:13:52] app.INFO: Module statsnewsletter has no vendor folder [] []
[2021-08-06 16:13:52] app.INFO: Protect vendor folder in module statsorigin [] []
[2021-08-06 16:13:52] app.INFO: Module statsorigin has no vendor folder [] []
[2021-08-06 16:13:53] app.INFO: Protect vendor folder in module statspersonalinfos [] []
[2021-08-06 16:13:53] app.INFO: Module statspersonalinfos has no vendor folder [] []
[2021-08-06 16:13:53] app.INFO: Protect vendor folder in module statsproduct [] []
[2021-08-06 16:13:53] app.INFO: Module statsproduct has no vendor folder [] []
[2021-08-06 16:13:53] app.INFO: Protect vendor folder in module statsregistrations [] []
[2021-08-06 16:13:53] app.INFO: Module statsregistrations has no vendor folder [] []
[2021-08-06 16:13:53] app.INFO: Protect vendor folder in module statssales [] []
[2021-08-06 16:13:53] app.INFO: Module statssales has no vendor folder [] []
[2021-08-06 16:13:53] app.INFO: Protect vendor folder in module statssearch [] []
[2021-08-06 16:13:53] app.INFO: Module statssearch has no vendor folder [] []
[2021-08-06 16:13:53] app.INFO: Protect vendor folder in module statsstock [] []
[2021-08-06 16:13:53] app.INFO: Module statsstock has no vendor folder [] []
[2021-08-06 16:13:53] app.INFO: Protect vendor folder in module statsvisits [] []
[2021-08-06 16:13:53] app.INFO: Module statsvisits has no vendor folder [] []
[2021-08-06 16:13:53] app.INFO: Protect vendor folder in module welcome [] []
[2021-08-06 16:13:53] app.INFO: Module welcome has no vendor folder [] []
[2021-08-06 16:13:53] app.INFO: Exporting mail with theme modern for language English (English) [] []
[2021-08-06 16:13:53] app.INFO: Core output folder: /var/www/teststore.local/mails [] []
[2021-08-06 16:13:53] app.INFO: Modules output folder: /var/www/teststore.local/modules/ [] []
[2021-08-06 16:13:55] app.INFO: Exporting mail with theme modern for language Русский (Russian) [] []
[2021-08-06 16:13:55] app.INFO: Core output folder: /var/www/teststore.local/mails [] []
[2021-08-06 16:13:55] app.INFO: Modules output folder: /var/www/teststore.local/modules/ [] []
[2021-08-06 16:16:56] app.INFO: Protect vendor folder in module contactform [] []
[2021-08-06 16:16:56] app.INFO: Module contactform has no vendor folder [] []
[2021-08-06 16:16:56] app.INFO: Protect vendor folder in module dashactivity [] []
[2021-08-06 16:16:56] app.INFO: Module dashactivity has no vendor folder [] []
[2021-08-06 16:16:57] app.INFO: Protect vendor folder in module dashgoals [] []
[2021-08-06 16:16:57] app.INFO: Module dashgoals has no vendor folder [] []
[2021-08-06 16:16:57] app.INFO: Protect vendor folder in module dashproducts [] []
[2021-08-06 16:16:57] app.INFO: Module dashproducts has no vendor folder [] []
[2021-08-06 16:16:57] app.INFO: Protect vendor folder in module dashtrends [] []
[2021-08-06 16:16:57] app.INFO: Module dashtrends has no vendor folder [] []
[2021-08-06 16:16:57] app.INFO: Protect vendor folder in module graphnvd3 [] []
[2021-08-06 16:16:57] app.INFO: Module graphnvd3 has no vendor folder [] []
[2021-08-06 16:16:57] app.INFO: Protect vendor folder in module gridhtml [] []
[2021-08-06 16:16:57] app.INFO: Module gridhtml has no vendor folder [] []
[2021-08-06 16:16:57] app.INFO: Protect vendor folder in module gsitemap [] []
[2021-08-06 16:16:57] app.INFO: Module gsitemap has no vendor folder [] []
[2021-08-06 16:16:58] app.INFO: Protect vendor folder in module pagesnotfound [] []
[2021-08-06 16:16:58] app.INFO: Module pagesnotfound has no vendor folder [] []
[2021-08-06 16:16:58] app.INFO: Protect vendor folder in module productcomments [] []
[2021-08-06 16:16:58] app.INFO: Module productcomments has no vendor folder [] []
[2021-08-06 16:16:58] app.INFO: Protect vendor folder in module ps_banner [] []
[2021-08-06 16:16:58] app.INFO: Module ps_banner has no vendor folder [] []
[2021-08-06 16:16:58] app.INFO: Protect vendor folder in module ps_categorytree [] []
[2021-08-06 16:16:58] app.INFO: Module ps_categorytree has no vendor folder [] []
[2021-08-06 16:16:58] app.INFO: Protect vendor folder in module ps_checkpayment [] []
[2021-08-06 16:16:58] app.INFO: Module ps_checkpayment has no vendor folder [] []
[2021-08-06 16:16:58] app.INFO: Protect vendor folder in module ps_contactinfo [] []
[2021-08-06 16:16:58] app.INFO: Module ps_contactinfo has no vendor folder [] []
[2021-08-06 16:16:59] app.INFO: Protect vendor folder in module ps_crossselling [] []
[2021-08-06 16:16:59] app.INFO: Module ps_crossselling has no vendor folder [] []
[2021-08-06 16:16:59] app.INFO: Protect vendor folder in module ps_currencyselector [] []
[2021-08-06 16:16:59] app.INFO: Module ps_currencyselector has no vendor folder [] []
[2021-08-06 16:16:59] app.INFO: Protect vendor folder in module ps_customeraccountlinks [] []
[2021-08-06 16:16:59] app.INFO: Module ps_customeraccountlinks has no vendor folder [] []
[2021-08-06 16:16:59] app.INFO: Protect vendor folder in module ps_customersignin [] []
[2021-08-06 16:16:59] app.INFO: Module ps_customersignin has no vendor folder [] []
[2021-08-06 16:16:59] app.INFO: Protect vendor folder in module ps_customtext [] []
[2021-08-06 16:16:59] app.INFO: Module ps_customtext has no vendor folder [] []
[2021-08-06 16:16:59] app.INFO: Protect vendor folder in module ps_dataprivacy [] []
[2021-08-06 16:16:59] app.INFO: Module ps_dataprivacy has no vendor folder [] []
[2021-08-06 16:17:00] app.INFO: Protect vendor folder in module ps_emailsubscription [] []
[2021-08-06 16:17:00] app.INFO: Module ps_emailsubscription has no vendor folder [] []
[2021-08-06 16:17:01] app.INFO: Protect vendor folder in module ps_facetedsearch [] []
[2021-08-06 16:17:01] app.INFO: Module ps_facetedsearch has no vendor folder [] []
[2021-08-06 16:17:01] app.INFO: Protect vendor folder in module ps_faviconnotificationbo [] []
[2021-08-06 16:17:01] app.INFO: Module ps_faviconnotificationbo has no vendor folder [] []
[2021-08-06 16:17:01] app.INFO: Protect vendor folder in module ps_featuredproducts [] []
[2021-08-06 16:17:01] app.INFO: Module ps_featuredproducts has no vendor folder [] []
[2021-08-06 16:17:01] app.INFO: Protect vendor folder in module ps_imageslider [] []
[2021-08-06 16:17:01] app.INFO: Module ps_imageslider has no vendor folder [] []
[2021-08-06 16:17:01] app.INFO: Protect vendor folder in module ps_languageselector [] []
[2021-08-06 16:17:01] app.INFO: Module ps_languageselector has no vendor folder [] []
[2021-08-06 16:17:02] app.INFO: Protect vendor folder in module ps_linklist [] []
[2021-08-06 16:17:02] app.INFO: Module ps_linklist has no vendor folder [] []
[2021-08-06 16:17:02] app.ERROR: Cannot register tab "AdminLinkWidget" because it already exists [] []
[2021-08-06 16:17:02] app.INFO: Protect vendor folder in module ps_mainmenu [] []
[2021-08-06 16:17:02] app.INFO: Module ps_mainmenu has no vendor folder [] []
[2021-08-06 16:17:02] app.INFO: Protect vendor folder in module ps_searchbar [] []
[2021-08-06 16:17:02] app.INFO: Module ps_searchbar has no vendor folder [] []
[2021-08-06 16:17:02] app.INFO: Protect vendor folder in module ps_sharebuttons [] []
[2021-08-06 16:17:02] app.INFO: Module ps_sharebuttons has no vendor folder [] []
[2021-08-06 16:17:03] app.INFO: Protect vendor folder in module ps_shoppingcart [] []
[2021-08-06 16:17:03] app.INFO: Module ps_shoppingcart has no vendor folder [] []
[2021-08-06 16:17:03] app.INFO: Protect vendor folder in module ps_socialfollow [] []
[2021-08-06 16:17:03] app.INFO: Module ps_socialfollow has no vendor folder [] []
[2021-08-06 16:17:03] app.INFO: Protect vendor folder in module ps_themecusto [] []
[2021-08-06 16:17:03] app.INFO: Module ps_themecusto has no vendor folder [] []
[2021-08-06 16:17:03] app.INFO: Protect vendor folder in module ps_wirepayment [] []
[2021-08-06 16:17:03] app.INFO: Module ps_wirepayment has no vendor folder [] []
[2021-08-06 16:17:03] app.INFO: Protect vendor folder in module sekeywords [] []
[2021-08-06 16:17:03] app.INFO: Module sekeywords has no vendor folder [] []
[2021-08-06 16:17:03] app.INFO: Protect vendor folder in module statsbestcategories [] []
[2021-08-06 16:17:03] app.INFO: Module statsbestcategories has no vendor folder [] []
[2021-08-06 16:17:03] app.INFO: Protect vendor folder in module statsbestcustomers [] []
[2021-08-06 16:17:03] app.INFO: Module statsbestcustomers has no vendor folder [] []
[2021-08-06 16:17:04] app.INFO: Protect vendor folder in module statsbestproducts [] []
[2021-08-06 16:17:04] app.INFO: Module statsbestproducts has no vendor folder [] []
[2021-08-06 16:17:04] app.INFO: Protect vendor folder in module statsbestsuppliers [] []
[2021-08-06 16:17:04] app.INFO: Module statsbestsuppliers has no vendor folder [] []
[2021-08-06 16:17:04] app.INFO: Protect vendor folder in module statsbestvouchers [] []
[2021-08-06 16:17:04] app.INFO: Module statsbestvouchers has no vendor folder [] []
[2021-08-06 16:17:04] app.INFO: Protect vendor folder in module statscarrier [] []
[2021-08-06 16:17:04] app.INFO: Module statscarrier has no vendor folder [] []
[2021-08-06 16:17:04] app.INFO: Protect vendor folder in module statscatalog [] []
[2021-08-06 16:17:04] app.INFO: Module statscatalog has no vendor folder [] []
[2021-08-06 16:17:04] app.INFO: Protect vendor folder in module statscheckup [] []
[2021-08-06 16:17:04] app.INFO: Module statscheckup has no vendor folder [] []
[2021-08-06 16:17:04] app.INFO: Protect vendor folder in module statsdata [] []
[2021-08-06 16:17:04] app.INFO: Module statsdata has no vendor folder [] []
[2021-08-06 16:17:04] app.INFO: Protect vendor folder in module statsequipment [] []
[2021-08-06 16:17:04] app.INFO: Module statsequipment has no vendor folder [] []
[2021-08-06 16:17:04] app.INFO: Protect vendor folder in module statsforecast [] []
[2021-08-06 16:17:04] app.INFO: Module statsforecast has no vendor folder [] []
[2021-08-06 16:17:04] app.INFO: Protect vendor folder in module statslive [] []
[2021-08-06 16:17:04] app.INFO: Module statslive has no vendor folder [] []
[2021-08-06 16:17:05] app.INFO: Protect vendor folder in module statsnewsletter [] []
[2021-08-06 16:17:05] app.INFO: Module statsnewsletter has no vendor folder [] []
[2021-08-06 16:17:05] app.INFO: Protect vendor folder in module statsorigin [] []
[2021-08-06 16:17:05] app.INFO: Module statsorigin has no vendor folder [] []
[2021-08-06 16:17:05] app.INFO: Protect vendor folder in module statspersonalinfos [] []
[2021-08-06 16:17:05] app.INFO: Module statspersonalinfos has no vendor folder [] []
[2021-08-06 16:17:05] app.INFO: Protect vendor folder in module statsproduct [] []
[2021-08-06 16:17:05] app.INFO: Module statsproduct has no vendor folder [] []
[2021-08-06 16:17:05] app.INFO: Protect vendor folder in module statsregistrations [] []
[2021-08-06 16:17:05] app.INFO: Module statsregistrations has no vendor folder [] []
[2021-08-06 16:17:05] app.INFO: Protect vendor folder in module statssales [] []
[2021-08-06 16:17:05] app.INFO: Module statssales has no vendor folder [] []
[2021-08-06 16:17:05] app.INFO: Protect vendor folder in module statssearch [] []
[2021-08-06 16:17:05] app.INFO: Module statssearch has no vendor folder [] []
[2021-08-06 16:17:05] app.INFO: Protect vendor folder in module statsstock [] []
[2021-08-06 16:17:05] app.INFO: Module statsstock has no vendor folder [] []
[2021-08-06 16:17:05] app.INFO: Protect vendor folder in module statsvisits [] []
[2021-08-06 16:17:05] app.INFO: Module statsvisits has no vendor folder [] []
[2021-08-06 16:17:06] app.INFO: Protect vendor folder in module welcome [] []
[2021-08-06 16:17:06] app.INFO: Module welcome has no vendor folder [] []
[2021-08-06 16:17:06] app.INFO: Exporting mail with theme modern for language English (English) [] []
[2021-08-06 16:17:06] app.INFO: Core output folder: /var/www/teststore.local/mails [] []
[2021-08-06 16:17:06] app.INFO: Modules output folder: /var/www/teststore.local/modules/ [] []
[2021-08-06 16:17:08] app.INFO: Exporting mail with theme modern for language Русский (Russian) [] []
[2021-08-06 16:17:08] app.INFO: Core output folder: /var/www/teststore.local/mails [] []
[2021-08-06 16:17:08] app.INFO: Modules output folder: /var/www/teststore.local/modules/ [] []
[2021-08-06 16:19:04] app.INFO: Protect vendor folder in module contactform [] []
[2021-08-06 16:19:04] app.INFO: Module contactform has no vendor folder [] []
[2021-08-06 16:19:04] app.INFO: Protect vendor folder in module dashactivity [] []
[2021-08-06 16:19:04] app.INFO: Module dashactivity has no vendor folder [] []
[2021-08-06 16:19:05] app.INFO: Protect vendor folder in module dashgoals [] []
[2021-08-06 16:19:05] app.INFO: Module dashgoals has no vendor folder [] []
[2021-08-06 16:19:05] app.INFO: Protect vendor folder in module dashproducts [] []
[2021-08-06 16:19:05] app.INFO: Module dashproducts has no vendor folder [] []
[2021-08-06 16:19:05] app.INFO: Protect vendor folder in module dashtrends [] []
[2021-08-06 16:19:05] app.INFO: Module dashtrends has no vendor folder [] []
[2021-08-06 16:19:05] app.INFO: Protect vendor folder in module graphnvd3 [] []
[2021-08-06 16:19:05] app.INFO: Module graphnvd3 has no vendor folder [] []
[2021-08-06 16:19:05] app.INFO: Protect vendor folder in module gridhtml [] []
[2021-08-06 16:19:05] app.INFO: Module gridhtml has no vendor folder [] []
[2021-08-06 16:19:06] app.INFO: Protect vendor folder in module gsitemap [] []
[2021-08-06 16:19:06] app.INFO: Module gsitemap has no vendor folder [] []
[2021-08-06 16:19:06] app.INFO: Protect vendor folder in module pagesnotfound [] []
[2021-08-06 16:19:06] app.INFO: Module pagesnotfound has no vendor folder [] []
[2021-08-06 16:19:06] app.INFO: Protect vendor folder in module productcomments [] []
[2021-08-06 16:19:06] app.INFO: Module productcomments has no vendor folder [] []
[2021-08-06 16:19:06] app.INFO: Protect vendor folder in module ps_banner [] []
[2021-08-06 16:19:06] app.INFO: Module ps_banner has no vendor folder [] []
[2021-08-06 16:19:06] app.INFO: Protect vendor folder in module ps_categorytree [] []
[2021-08-06 16:19:06] app.INFO: Module ps_categorytree has no vendor folder [] []
[2021-08-06 16:19:06] app.INFO: Protect vendor folder in module ps_checkpayment [] []
[2021-08-06 16:19:06] app.INFO: Module ps_checkpayment has no vendor folder [] []
[2021-08-06 16:19:07] app.INFO: Protect vendor folder in module ps_contactinfo [] []
[2021-08-06 16:19:07] app.INFO: Module ps_contactinfo has no vendor folder [] []
[2021-08-06 16:19:07] app.INFO: Protect vendor folder in module ps_crossselling [] []
[2021-08-06 16:19:07] app.INFO: Module ps_crossselling has no vendor folder [] []
[2021-08-06 16:19:07] app.INFO: Protect vendor folder in module ps_currencyselector [] []
[2021-08-06 16:19:07] app.INFO: Module ps_currencyselector has no vendor folder [] []
[2021-08-06 16:19:07] app.INFO: Protect vendor folder in module ps_customeraccountlinks [] []
[2021-08-06 16:19:07] app.INFO: Module ps_customeraccountlinks has no vendor folder [] []
[2021-08-06 16:19:07] app.INFO: Protect vendor folder in module ps_customersignin [] []
[2021-08-06 16:19:07] app.INFO: Module ps_customersignin has no vendor folder [] []
[2021-08-06 16:19:07] app.INFO: Protect vendor folder in module ps_customtext [] []
[2021-08-06 16:19:07] app.INFO: Module ps_customtext has no vendor folder [] []
[2021-08-06 16:19:07] app.INFO: Protect vendor folder in module ps_dataprivacy [] []
[2021-08-06 16:19:07] app.INFO: Module ps_dataprivacy has no vendor folder [] []
[2021-08-06 16:19:08] app.INFO: Protect vendor folder in module ps_emailsubscription [] []
[2021-08-06 16:19:08] app.INFO: Module ps_emailsubscription has no vendor folder [] []
[2021-08-06 16:19:09] app.INFO: Protect vendor folder in module ps_facetedsearch [] []
[2021-08-06 16:19:09] app.INFO: Module ps_facetedsearch has no vendor folder [] []
[2021-08-06 16:19:09] app.INFO: Protect vendor folder in module ps_faviconnotificationbo [] []
[2021-08-06 16:19:09] app.INFO: Module ps_faviconnotificationbo has no vendor folder [] []
[2021-08-06 16:19:09] app.INFO: Protect vendor folder in module ps_featuredproducts [] []
[2021-08-06 16:19:09] app.INFO: Module ps_featuredproducts has no vendor folder [] []
[2021-08-06 16:19:09] app.INFO: Protect vendor folder in module ps_imageslider [] []
[2021-08-06 16:19:09] app.INFO: Module ps_imageslider has no vendor folder [] []
[2021-08-06 16:19:09] app.INFO: Protect vendor folder in module ps_languageselector [] []
[2021-08-06 16:19:09] app.INFO: Module ps_languageselector has no vendor folder [] []
[2021-08-06 16:19:10] app.INFO: Protect vendor folder in module ps_linklist [] []
[2021-08-06 16:19:10] app.INFO: Module ps_linklist has no vendor folder [] []
[2021-08-06 16:19:10] app.ERROR: Cannot register tab "AdminLinkWidget" because it already exists [] []
[2021-08-06 16:19:10] app.INFO: Protect vendor folder in module ps_mainmenu [] []
[2021-08-06 16:19:10] app.INFO: Module ps_mainmenu has no vendor folder [] []
[2021-08-06 16:19:10] app.INFO: Protect vendor folder in module ps_searchbar [] []
[2021-08-06 16:19:10] app.INFO: Module ps_searchbar has no vendor folder [] []
[2021-08-06 16:19:10] app.INFO: Protect vendor folder in module ps_sharebuttons [] []
[2021-08-06 16:19:10] app.INFO: Module ps_sharebuttons has no vendor folder [] []
[2021-08-06 16:19:11] app.INFO: Protect vendor folder in module ps_shoppingcart [] []
[2021-08-06 16:19:11] app.INFO: Module ps_shoppingcart has no vendor folder [] []
[2021-08-06 16:19:11] app.INFO: Protect vendor folder in module ps_socialfollow [] []
[2021-08-06 16:19:11] app.INFO: Module ps_socialfollow has no vendor folder [] []
[2021-08-06 16:19:11] app.INFO: Protect vendor folder in module ps_themecusto [] []
[2021-08-06 16:19:11] app.INFO: Module ps_themecusto has no vendor folder [] []
[2021-08-06 16:19:11] app.INFO: Protect vendor folder in module ps_wirepayment [] []
[2021-08-06 16:19:11] app.INFO: Module ps_wirepayment has no vendor folder [] []
[2021-08-06 16:19:11] app.INFO: Protect vendor folder in module sekeywords [] []
[2021-08-06 16:19:11] app.INFO: Module sekeywords has no vendor folder [] []
[2021-08-06 16:19:11] app.INFO: Protect vendor folder in module statsbestcategories [] []
[2021-08-06 16:19:11] app.INFO: Module statsbestcategories has no vendor folder [] []
[2021-08-06 16:19:11] app.INFO: Protect vendor folder in module statsbestcustomers [] []
[2021-08-06 16:19:11] app.INFO: Module statsbestcustomers has no vendor folder [] []
[2021-08-06 16:19:12] app.INFO: Protect vendor folder in module statsbestproducts [] []
[2021-08-06 16:19:12] app.INFO: Module statsbestproducts has no vendor folder [] []
[2021-08-06 16:19:12] app.INFO: Protect vendor folder in module statsbestsuppliers [] []
[2021-08-06 16:19:12] app.INFO: Module statsbestsuppliers has no vendor folder [] []
[2021-08-06 16:19:12] app.INFO: Protect vendor folder in module statsbestvouchers [] []
[2021-08-06 16:19:12] app.INFO: Module statsbestvouchers has no vendor folder [] []
[2021-08-06 16:19:12] app.INFO: Protect vendor folder in module statscarrier [] []
[2021-08-06 16:19:12] app.INFO: Module statscarrier has no vendor folder [] []
[2021-08-06 16:19:12] app.INFO: Protect vendor folder in module statscatalog [] []
[2021-08-06 16:19:12] app.INFO: Module statscatalog has no vendor folder [] []
[2021-08-06 16:19:12] app.INFO: Protect vendor folder in module statscheckup [] []
[2021-08-06 16:19:12] app.INFO: Module statscheckup has no vendor folder [] []
[2021-08-06 16:19:12] app.INFO: Protect vendor folder in module statsdata [] []
[2021-08-06 16:19:12] app.INFO: Module statsdata has no vendor folder [] []
[2021-08-06 16:19:12] app.INFO: Protect vendor folder in module statsequipment [] []
[2021-08-06 16:19:12] app.INFO: Module statsequipment has no vendor folder [] []
[2021-08-06 16:19:12] app.INFO: Protect vendor folder in module statsforecast [] []
[2021-08-06 16:19:12] app.INFO: Module statsforecast has no vendor folder [] []
[2021-08-06 16:19:12] app.INFO: Protect vendor folder in module statslive [] []
[2021-08-06 16:19:12] app.INFO: Module statslive has no vendor folder [] []
[2021-08-06 16:19:13] app.INFO: Protect vendor folder in module statsnewsletter [] []
[2021-08-06 16:19:13] app.INFO: Module statsnewsletter has no vendor folder [] []
[2021-08-06 16:19:13] app.INFO: Protect vendor folder in module statsorigin [] []
[2021-08-06 16:19:13] app.INFO: Module statsorigin has no vendor folder [] []
[2021-08-06 16:19:13] app.INFO: Protect vendor folder in module statspersonalinfos [] []
[2021-08-06 16:19:13] app.INFO: Module statspersonalinfos has no vendor folder [] []
[2021-08-06 16:19:13] app.INFO: Protect vendor folder in module statsproduct [] []
[2021-08-06 16:19:13] app.INFO: Module statsproduct has no vendor folder [] []
[2021-08-06 16:19:13] app.INFO: Protect vendor folder in module statsregistrations [] []
[2021-08-06 16:19:13] app.INFO: Module statsregistrations has no vendor folder [] []
[2021-08-06 16:19:13] app.INFO: Protect vendor folder in module statssales [] []
[2021-08-06 16:19:13] app.INFO: Module statssales has no vendor folder [] []
[2021-08-06 16:19:13] app.INFO: Protect vendor folder in module statssearch [] []
[2021-08-06 16:19:13] app.INFO: Module statssearch has no vendor folder [] []
[2021-08-06 16:19:13] app.INFO: Protect vendor folder in module statsstock [] []
[2021-08-06 16:19:13] app.INFO: Module statsstock has no vendor folder [] []
[2021-08-06 16:19:13] app.INFO: Protect vendor folder in module statsvisits [] []
[2021-08-06 16:19:13] app.INFO: Module statsvisits has no vendor folder [] []
[2021-08-06 16:19:13] app.INFO: Protect vendor folder in module welcome [] []
[2021-08-06 16:19:13] app.INFO: Module welcome has no vendor folder [] []
[2021-08-06 16:19:14] app.INFO: Exporting mail with theme modern for language English (English) [] []
[2021-08-06 16:19:14] app.INFO: Core output folder: /var/www/teststore.local/mails [] []
[2021-08-06 16:19:14] app.INFO: Modules output folder: /var/www/teststore.local/modules/ [] []
[2021-08-06 16:19:16] app.INFO: Exporting mail with theme modern for language Русский (Russian) [] []
[2021-08-06 16:19:16] app.INFO: Core output folder: /var/www/teststore.local/mails [] []
[2021-08-06 16:19:16] app.INFO: Modules output folder: /var/www/teststore.local/modules/ [] []
[2021-08-06 16:27:24] app.INFO: Protect vendor folder in module contactform [] []
[2021-08-06 16:27:24] app.INFO: Module contactform has no vendor folder [] []
[2021-08-06 16:27:24] app.INFO: Protect vendor folder in module dashactivity [] []
[2021-08-06 16:27:24] app.INFO: Module dashactivity has no vendor folder [] []
[2021-08-06 16:27:24] app.INFO: Protect vendor folder in module dashgoals [] []
[2021-08-06 16:27:24] app.INFO: Module dashgoals has no vendor folder [] []
[2021-08-06 16:27:24] app.INFO: Protect vendor folder in module dashproducts [] []
[2021-08-06 16:27:24] app.INFO: Module dashproducts has no vendor folder [] []
[2021-08-06 16:27:24] app.INFO: Protect vendor folder in module dashtrends [] []
[2021-08-06 16:27:24] app.INFO: Module dashtrends has no vendor folder [] []
[2021-08-06 16:27:24] app.INFO: Protect vendor folder in module graphnvd3 [] []
[2021-08-06 16:27:24] app.INFO: Module graphnvd3 has no vendor folder [] []
[2021-08-06 16:27:25] app.INFO: Protect vendor folder in module gridhtml [] []
[2021-08-06 16:27:25] app.INFO: Module gridhtml has no vendor folder [] []
[2021-08-06 16:27:25] app.INFO: Protect vendor folder in module gsitemap [] []
[2021-08-06 16:27:25] app.INFO: Module gsitemap has no vendor folder [] []
[2021-08-06 16:27:25] app.INFO: Protect vendor folder in module pagesnotfound [] []
[2021-08-06 16:27:25] app.INFO: Module pagesnotfound has no vendor folder [] []
[2021-08-06 16:27:25] app.INFO: Protect vendor folder in module productcomments [] []
[2021-08-06 16:27:25] app.INFO: Module productcomments has no vendor folder [] []
[2021-08-06 16:27:25] app.INFO: Protect vendor folder in module ps_banner [] []
[2021-08-06 16:27:25] app.INFO: Module ps_banner has no vendor folder [] []
[2021-08-06 16:27:25] app.INFO: Protect vendor folder in module ps_categorytree [] []
[2021-08-06 16:27:25] app.INFO: Module ps_categorytree has no vendor folder [] []
[2021-08-06 16:27:25] app.INFO: Protect vendor folder in module ps_checkpayment [] []
[2021-08-06 16:27:25] app.INFO: Module ps_checkpayment has no vendor folder [] []
[2021-08-06 16:27:25] app.INFO: Protect vendor folder in module ps_contactinfo [] []
[2021-08-06 16:27:25] app.INFO: Module ps_contactinfo has no vendor folder [] []
[2021-08-06 16:27:25] app.INFO: Protect vendor folder in module ps_crossselling [] []
[2021-08-06 16:27:25] app.INFO: Module ps_crossselling has no vendor folder [] []
[2021-08-06 16:27:25] app.INFO: Protect vendor folder in module ps_currencyselector [] []
[2021-08-06 16:27:25] app.INFO: Module ps_currencyselector has no vendor folder [] []
[2021-08-06 16:27:26] app.INFO: Protect vendor folder in module ps_customeraccountlinks [] []
[2021-08-06 16:27:26] app.INFO: Module ps_customeraccountlinks has no vendor folder [] []
[2021-08-06 16:27:26] app.INFO: Protect vendor folder in module ps_customersignin [] []
[2021-08-06 16:27:26] app.INFO: Module ps_customersignin has no vendor folder [] []
[2021-08-06 16:27:26] app.INFO: Protect vendor folder in module ps_customtext [] []
[2021-08-06 16:27:26] app.INFO: Module ps_customtext has no vendor folder [] []
[2021-08-06 16:27:26] app.INFO: Protect vendor folder in module ps_dataprivacy [] []
[2021-08-06 16:27:26] app.INFO: Module ps_dataprivacy has no vendor folder [] []
[2021-08-06 16:27:26] app.INFO: Protect vendor folder in module ps_emailsubscription [] []
[2021-08-06 16:27:26] app.INFO: Module ps_emailsubscription has no vendor folder [] []
[2021-08-06 16:27:27] app.INFO: Protect vendor folder in module ps_facetedsearch [] []
[2021-08-06 16:27:27] app.INFO: Module ps_facetedsearch has no vendor folder [] []
[2021-08-06 16:27:27] app.INFO: Protect vendor folder in module ps_faviconnotificationbo [] []
[2021-08-06 16:27:27] app.INFO: Module ps_faviconnotificationbo has no vendor folder [] []
[2021-08-06 16:27:27] app.INFO: Protect vendor folder in module ps_featuredproducts [] []
[2021-08-06 16:27:27] app.INFO: Module ps_featuredproducts has no vendor folder [] []
[2021-08-06 16:27:27] app.INFO: Protect vendor folder in module ps_imageslider [] []
[2021-08-06 16:27:27] app.INFO: Module ps_imageslider has no vendor folder [] []
[2021-08-06 16:27:27] app.INFO: Protect vendor folder in module ps_languageselector [] []
[2021-08-06 16:27:27] app.INFO: Module ps_languageselector has no vendor folder [] []
[2021-08-06 16:27:27] app.INFO: Protect vendor folder in module ps_linklist [] []
[2021-08-06 16:27:27] app.INFO: Module ps_linklist has no vendor folder [] []
[2021-08-06 16:27:27] app.ERROR: Cannot register tab "AdminLinkWidget" because it already exists [] []
[2021-08-06 16:27:28] app.INFO: Protect vendor folder in module ps_mainmenu [] []
[2021-08-06 16:27:28] app.INFO: Module ps_mainmenu has no vendor folder [] []
[2021-08-06 16:27:28] app.INFO: Protect vendor folder in module ps_searchbar [] []
[2021-08-06 16:27:28] app.INFO: Module ps_searchbar has no vendor folder [] []
[2021-08-06 16:27:28] app.INFO: Protect vendor folder in module ps_sharebuttons [] []
[2021-08-06 16:27:28] app.INFO: Module ps_sharebuttons has no vendor folder [] []
[2021-08-06 16:27:28] app.INFO: Protect vendor folder in module ps_shoppingcart [] []
[2021-08-06 16:27:28] app.INFO: Module ps_shoppingcart has no vendor folder [] []
[2021-08-06 16:27:28] app.INFO: Protect vendor folder in module ps_socialfollow [] []
[2021-08-06 16:27:28] app.INFO: Module ps_socialfollow has no vendor folder [] []
[2021-08-06 16:27:28] app.INFO: Protect vendor folder in module ps_themecusto [] []
[2021-08-06 16:27:28] app.INFO: Module ps_themecusto has no vendor folder [] []
[2021-08-06 16:27:28] app.INFO: Protect vendor folder in module ps_wirepayment [] []
[2021-08-06 16:27:28] app.INFO: Module ps_wirepayment has no vendor folder [] []
[2021-08-06 16:27:28] app.INFO: Protect vendor folder in module sekeywords [] []
[2021-08-06 16:27:28] app.INFO: Module sekeywords has no vendor folder [] []
[2021-08-06 16:27:28] app.INFO: Protect vendor folder in module statsbestcategories [] []
[2021-08-06 16:27:28] app.INFO: Module statsbestcategories has no vendor folder [] []
[2021-08-06 16:27:28] app.INFO: Protect vendor folder in module statsbestcustomers [] []
[2021-08-06 16:27:28] app.INFO: Module statsbestcustomers has no vendor folder [] []
[2021-08-06 16:27:28] app.INFO: Protect vendor folder in module statsbestproducts [] []
[2021-08-06 16:27:28] app.INFO: Module statsbestproducts has no vendor folder [] []
[2021-08-06 16:27:28] app.INFO: Protect vendor folder in module statsbestsuppliers [] []
[2021-08-06 16:27:28] app.INFO: Module statsbestsuppliers has no vendor folder [] []
[2021-08-06 16:27:29] app.INFO: Protect vendor folder in module statsbestvouchers [] []
[2021-08-06 16:27:29] app.INFO: Module statsbestvouchers has no vendor folder [] []
[2021-08-06 16:27:29] app.INFO: Protect vendor folder in module statscarrier [] []
[2021-08-06 16:27:29] app.INFO: Module statscarrier has no vendor folder [] []
[2021-08-06 16:27:29] app.INFO: Protect vendor folder in module statscatalog [] []
[2021-08-06 16:27:29] app.INFO: Module statscatalog has no vendor folder [] []
[2021-08-06 16:27:29] app.INFO: Protect vendor folder in module statscheckup [] []
[2021-08-06 16:27:29] app.INFO: Module statscheckup has no vendor folder [] []
[2021-08-06 16:27:29] app.INFO: Protect vendor folder in module statsdata [] []
[2021-08-06 16:27:29] app.INFO: Module statsdata has no vendor folder [] []
[2021-08-06 16:27:29] app.INFO: Protect vendor folder in module statsequipment [] []
[2021-08-06 16:27:29] app.INFO: Module statsequipment has no vendor folder [] []
[2021-08-06 16:27:29] app.INFO: Protect vendor folder in module statsforecast [] []
[2021-08-06 16:27:29] app.INFO: Module statsforecast has no vendor folder [] []
[2021-08-06 16:27:29] app.INFO: Protect vendor folder in module statslive [] []
[2021-08-06 16:27:29] app.INFO: Module statslive has no vendor folder [] []
[2021-08-06 16:27:29] app.INFO: Protect vendor folder in module statsnewsletter [] []
[2021-08-06 16:27:29] app.INFO: Module statsnewsletter has no vendor folder [] []
[2021-08-06 16:27:29] app.INFO: Protect vendor folder in module statsorigin [] []
[2021-08-06 16:27:29] app.INFO: Module statsorigin has no vendor folder [] []
[2021-08-06 16:27:29] app.INFO: Protect vendor folder in module statspersonalinfos [] []
[2021-08-06 16:27:29] app.INFO: Module statspersonalinfos has no vendor folder [] []
[2021-08-06 16:27:29] app.INFO: Protect vendor folder in module statsproduct [] []
[2021-08-06 16:27:29] app.INFO: Module statsproduct has no vendor folder [] []
[2021-08-06 16:27:29] app.INFO: Protect vendor folder in module statsregistrations [] []
[2021-08-06 16:27:29] app.INFO: Module statsregistrations has no vendor folder [] []
[2021-08-06 16:27:29] app.INFO: Protect vendor folder in module statssales [] []
[2021-08-06 16:27:29] app.INFO: Module statssales has no vendor folder [] []
[2021-08-06 16:27:29] app.INFO: Protect vendor folder in module statssearch [] []
[2021-08-06 16:27:29] app.INFO: Module statssearch has no vendor folder [] []
[2021-08-06 16:27:29] app.INFO: Protect vendor folder in module statsstock [] []
[2021-08-06 16:27:30] app.INFO: Module statsstock has no vendor folder [] []
[2021-08-06 16:27:30] app.INFO: Protect vendor folder in module statsvisits [] []
[2021-08-06 16:27:30] app.INFO: Module statsvisits has no vendor folder [] []
[2021-08-06 16:27:30] app.INFO: Protect vendor folder in module welcome [] []
[2021-08-06 16:27:30] app.INFO: Module welcome has no vendor folder [] []
[2021-08-06 16:27:30] app.INFO: Exporting mail with theme modern for language English (English) [] []
[2021-08-06 16:27:30] app.INFO: Core output folder: /var/www/teststore.local/mails [] []
[2021-08-06 16:27:30] app.INFO: Modules output folder: /var/www/teststore.local/modules/ [] []
[2021-08-06 16:27:31] app.INFO: Exporting mail with theme modern for language Русский (Russian) [] []
[2021-08-06 16:27:31] app.INFO: Core output folder: /var/www/teststore.local/mails [] []
[2021-08-06 16:27:31] app.INFO: Modules output folder: /var/www/teststore.local/modules/ [] []
